<?xml version="1.0" encoding="utf-8"?><testsuites name="pytest tests"><testsuite name="pytest" errors="0" failures="0" skipped="0" tests="68" time="2.896" timestamp="2026-09-08T19:28:09.822766+05:30" hostname="Ashishs-Laptop.local"><testcase classname="tests.test_api" name="test_session_ownership_and_fixture_flow" time="0.044" /><testcase classname="tests.test_api" name="test_missing_live_credentials_and_internal_auth" time="0.012" /><testcase classname="tests.test_api" name="test_scoped_tokens_and_live_controls_cannot_forge_playback" time="0.014" /><testcase classname="tests.test_api" name="test_faults_disabled_outside_demo" time="0.012" /><testcase classname="tests.test_interpreter" name="test_real_openai_sdk_stream_adapter_assembles_only_complete_tool_arguments" time="0.303" /><testcase classname="tests.test_interpreter" name="test_partial_invalid_or_truncated_stream_cannot_become_operation[{&quot;action&quot;:&quot;confirm&quot;-tool_calls]" time="0.006" /><testcase classname="tests.test_interpreter" name="test_partial_invalid_or_truncated_stream_cannot_become_operation[{&quot;action&quot;:&quot;request&quot;,&quot;quantity&quot;:-4}-tool_calls]" time="0.004" /><testcase classname="tests.test_interpreter" name="test_partial_invalid_or_truncated_stream_cannot_become_operation[{&quot;action&quot;:&quot;confirm&quot;,&quot;admin&quot;:true}-tool_calls]" time="0.006" /><testcase classname="tests.test_interpreter" name="test_partial_invalid_or_truncated_stream_cannot_become_operation[{&quot;action&quot;:&quot;confirm&quot;}-length]" time="0.005" /><testcase classname="tests.test_interpreter" name="test_cancelling_model_stream_closes_transport_before_more_tokens" time="0.003" /><testcase classname="tests.test_providers" name="test_catalog_checks_exact_model_language_voice_pairing" time="0.000" /><testcase classname="tests.test_providers" name="test_endpoint_rejects_duplicated_paths_or_credentials[wss://users-ws.rime.ai/ws3]" time="0.000" /><testcase classname="tests.test_providers" name="test_endpoint_rejects_duplicated_paths_or_credentials[wss://users-ws.rime.ai?token=abc]" time="0.000" /><testcase classname="tests.test_providers" name="test_endpoint_rejects_duplicated_paths_or_credentials[https://users.rime.ai]" time="0.000" /><testcase classname="tests.test_providers" name="test_endpoint_rejects_duplicated_paths_or_credentials[wss://user:pass@users-ws.rime.ai]" time="0.000" /><testcase classname="tests.test_providers" name="test_endpoint_rejects_duplicated_paths_or_credentials[wss://attacker.example]" time="0.000" /><testcase classname="tests.test_providers" name="test_actual_plugin_builds_explicit_wire_configuration" time="0.011" /><testcase classname="tests.test_providers" name="test_scheduler_rejects_obsolete_speech[epoch]" time="0.000" /><testcase classname="tests.test_providers" name="test_scheduler_rejects_obsolete_speech[version]" time="0.000" /><testcase classname="tests.test_providers" name="test_scheduler_rejects_obsolete_speech[identity]" time="0.000" /><testcase classname="tests.test_providers" name="test_scheduler_rejects_obsolete_speech[paused]" time="0.000" /><testcase classname="tests.test_providers" name="test_scheduler_rejects_obsolete_speech[resolving]" time="0.000" /><testcase classname="tests.test_providers" name="test_scheduler_rejects_obsolete_speech[ended]" time="0.000" /><testcase classname="tests.test_providers" name="test_scheduler_rejects_obsolete_speech[completed]" time="0.000" /><testcase classname="tests.test_providers" name="test_controller_can_explicitly_allow_current_pause_acknowledgment" time="0.000" /><testcase classname="tests.test_providers" name="test_false_interruption_is_idempotent_and_does_not_override_transcript" time="0.000" /><testcase classname="tests.test_providers" name="test_onset_is_processed_before_final_turn_and_fences_inflight_control" time="0.000" /><testcase classname="tests.test_providers" name="test_late_playback_callback_retains_original_response_identity" time="0.000" /><testcase classname="tests.test_providers" name="test_recovery_clears_failed_provider_before_asking_controller_to_speak" time="0.000" /><testcase classname="tests.test_providers" name="test_api_failure_exits_control_and_poll_without_false_rime_failure" time="0.000" /><testcase classname="tests.test_providers" name="test_delivery_estimate_uses_sdk_handle_identity_after_response_replacement" time="0.007" /><testcase classname="tests.test_providers" name="test_worker_lease_is_attached_to_control_and_snapshot_requests" time="0.001" /><testcase classname="tests.test_providers" name="test_stt_keyterms_derive_from_inventory_names_and_aliases_only" time="0.000" /><testcase classname="tests.test_races" name="test_old_model_operation_after_correction_is_rejected" time="0.015" /><testcase classname="tests.test_races" name="test_control_wins_before_old_write_attempt[cancel]" time="0.021" /><testcase classname="tests.test_races" name="test_control_wins_before_old_write_attempt[correction]" time="0.017" /><testcase classname="tests.test_races" name="test_commit_wins_before_cancel_or_interrupted_receipt" time="0.015" /><testcase classname="tests.test_races" name="test_concurrent_confirms_decrement_once" time="0.070" /><testcase classname="tests.test_races" name="test_current_question_expires" time="0.032" /><testcase classname="tests.test_races" name="test_dependency_failure_preserves_state_and_recovery[rime]" time="0.029" /><testcase classname="tests.test_races" name="test_dependency_failure_preserves_state_and_recovery[stt]" time="0.057" /><testcase classname="tests.test_races" name="test_dependency_failure_preserves_state_and_recovery[llm]" time="0.055" /><testcase classname="tests.test_races" name="test_dependency_failure_preserves_state_and_recovery[lookup]" time="0.024" /><testcase classname="tests.test_races" name="test_simultaneous_sessions_recheck_stock_inside_commit" time="0.041" /><testcase classname="tests.test_races" name="test_unknown_or_partial_confirm_cannot_be_upgraded_by_model" time="0.034" /><testcase classname="tests.test_races" name="test_restart_drops_unheard_confirmation" time="0.021" /><testcase classname="tests.test_races" name="test_new_speech_onset_fences_pending_confirmation_before_final_transcript" time="0.008" /><testcase classname="tests.test_races" name="test_decimal_confirmation_cannot_merge_digits_into_different_quantity" time="0.009" /><testcase classname="tests.test_report" name="test_waiting_trials_and_different_clocks_cannot_be_zero_latency_successes" time="0.000" /><testcase classname="tests.test_report" name="test_nearest_rank_small_sample_is_stated_without_interpolation" time="0.000" /><testcase classname="tests.test_worker_recovery" name="test_concurrent_reconnects_keep_first_replacement_dispatch" time="0.002" /><testcase classname="tests.test_worker_recovery" name="test_retiring_worker_cannot_overwrite_new_provider_or_turn" time="0.027" /><testcase classname="tests.test_worker_recovery" name="test_lease_is_revalidated_inside_transaction_after_http_auth" time="0.005" /><testcase classname="tests.test_workflow" name="test_confirmed_pick_is_atomic_and_retry_safe" time="0.011" /><testcase classname="tests.test_workflow" name="test_late_lookup_ignoring_cancellation_cannot_replace_correction" time="0.089" /><testcase classname="tests.test_workflow" name="test_status_retains_current_lookup" time="0.059" /><testcase classname="tests.test_workflow" name="test_interrupted_confirmation_and_stale_playback_cannot_authorize" time="0.010" /><testcase classname="tests.test_workflow" name="test_delivered_current_question_allows_yes" time="0.013" /><testcase classname="tests.test_workflow" name="test_restart_keeps_committed_outcome_and_owner" time="0.008" /><testcase classname="tests.test_workflow" name="test_invalid_or_unavailable_pick_never_writes[Find negative six blue cartons]" time="0.006" /><testcase classname="tests.test_workflow" name="test_invalid_or_unavailable_pick_never_writes[Find zero blue cartons]" time="0.011" /><testcase classname="tests.test_workflow" name="test_invalid_or_unavailable_pick_never_writes[Find 10001 blue cartons]" time="0.008" /><testcase classname="tests.test_workflow" name="test_invalid_or_unavailable_pick_never_writes[Find six cartons]" time="0.015" /><testcase classname="tests.test_workflow" name="test_invalid_or_unavailable_pick_never_writes[Find two unicorns]" time="0.017" /><testcase classname="tests.test_workflow" name="test_invalid_or_unavailable_pick_never_writes[Find six green cartons]" time="0.009" /><testcase classname="tests.test_workflow" name="test_invalid_or_unavailable_pick_never_writes[Find four yellow cartons]" time="0.006" /><testcase classname="tests.test_workflow" name="test_end_fences_callbacks_and_sessions_are_isolated" time="0.007" /><testcase classname="tests.test_workflow" name="test_pause_holds_result_and_false_interruption_preserves_task" time="0.043" /></testsuite></testsuites>